This file contains any messages produced by compilers while
running configure, to aid debugging if configure makes a mistake.

It was created by Ipopt configure 3.12.7, which was
generated by GNU Autoconf 2.59.  Invocation command line was

  $ ./configure --prefix=/usr/local --prefix=/usr/local coin_skip_warn_cxxflags=yes --with-blas=/usr/local/lib/libcoinblas.a -lgfortran --with-lapack=/usr/local/lib/libcoinlapack.a --cache-file=/dev/null --srcdir=.

## --------- ##
## Platform. ##
## --------- ##

hostname = xiaoqiangxiedeMacBook-Air.local
uname -m = x86_64
uname -r = 17.5.0
uname -s = Darwin
uname -v = Darwin Kernel Version 17.5.0: Fri Apr 13 19:32:32 PDT 2018; root:xnu-4570.51.2~1/RELEASE_X86_64

/usr/bin/uname -p = i386
/bin/uname -X     = unknown

/bin/arch              = unknown
/usr/bin/arch -k       = unknown
/usr/convex/getsysinfo = unknown
hostinfo               = Mach kernel version:
	 Darwin Kernel Version 17.5.0: Fri Apr 13 19:32:32 PDT 2018; root:xnu-4570.51.2~1/RELEASE_X86_64
Kernel configured for up to 4 processors.
2 processors are physically available.
4 processors are logically available.
Processor type: x86_64h (Intel x86-64h Haswell)
Processors active: 0 1 2 3
Primary memory available: 4.00 gigabytes
Default processor set: 247 tasks, 1225 threads, 4 processors
Load average: 2.55, Mach factor: 1.50
/bin/machine           = unknown
/usr/bin/oslevel       = unknown
/bin/universe          = unknown

PATH: /Users/xiaoqiangxie/anaconda/bin
PATH: /Library/Frameworks/Python.framework/Versions/3.6/bin
PATH: /Users/xiaoqiangxie/anaconda2/bin
PATH: /Library/Frameworks/Python.framework/Versions/2.7/bin
PATH: /usr/local/bin
PATH: /usr/bin
PATH: /bin
PATH: /usr/sbin
PATH: /sbin


## ----------- ##
## Core tests. ##
## ----------- ##

configure:1715: checking build system type
configure:1733: result: i386-apple-darwin17.5.0
configure:1806: checking for svnversion
configure:1822: found /usr/bin/svnversion
configure:1833: result: yes
configure:1863: checking whether we want to compile in debug mode
configure:1909: result: no
configure:1966: checking for egrep
configure:1976: result: grep -E
configure:1981: checking whether ln -s works
configure:1985: result: yes
configure:2201: checking for clang
configure:2217: found /usr/bin/clang
configure:2227: result: clang
configure:2248: checking for C compiler version
configure:2251: clang --version </dev/null >&5
Apple LLVM version 9.1.0 (clang-902.0.39.1)
Target: x86_64-apple-darwin17.5.0
Thread model: posix
InstalledDir: /Library/Developer/CommandLineTools/usr/bin
configure:2254: $? = 0
configure:2256: clang -v </dev/null >&5
Apple LLVM version 9.1.0 (clang-902.0.39.1)
Target: x86_64-apple-darwin17.5.0
Thread model: posix
InstalledDir: /Library/Developer/CommandLineTools/usr/bin
configure:2259: $? = 0
configure:2261: clang -V </dev/null >&5
clang: error: argument to '-V' is missing (expected 1 value)
clang: error: no input files
configure:2264: $? = 1
configure:2287: checking for C compiler default output file name
configure:2290: clang    conftest.c  >&5
configure:2293: $? = 0
configure:2339: result: a.out
configure:2344: checking whether the C compiler works
configure:2350: ./a.out
configure:2353: $? = 0
configure:2370: result: yes
configure:2377: checking whether we are cross compiling
configure:2379: result: no
configure:2382: checking for suffix of executables
configure:2384: clang -o conftest    conftest.c  >&5
configure:2387: $? = 0
configure:2412: result: 
configure:2418: checking for suffix of object files
configure:2439: clang -c   conftest.c >&5
configure:2442: $? = 0
configure:2464: result: o
configure:2468: checking whether we are using the GNU C compiler
configure:2492: clang -c   conftest.c >&5
configure:2498: $? = 0
configure:2502: test -z 
			 || test ! -s conftest.err
configure:2505: $? = 0
configure:2508: test -s conftest.o
configure:2511: $? = 0
configure:2524: result: yes
configure:2530: checking whether clang accepts -g
configure:2551: clang -c -g  conftest.c >&5
configure:2557: $? = 0
configure:2561: test -z 
			 || test ! -s conftest.err
configure:2564: $? = 0
configure:2567: test -s conftest.o
configure:2570: $? = 0
configure:2581: result: yes
configure:2598: checking for clang option to accept ANSI C
configure:2668: clang  -c -g -O2  conftest.c >&5
configure:2674: $? = 0
configure:2678: test -z 
			 || test ! -s conftest.err
configure:2681: $? = 0
configure:2684: test -s conftest.o
configure:2687: $? = 0
configure:2705: result: none needed
configure:2723: clang -c -g -O2  conftest.c >&5
conftest.c:2:3: error: unknown type name 'choke'
  choke me
  ^
conftest.c:2:11: error: expected ';' after top level declarator
  choke me
          ^
          ;
2 errors generated.
configure:2729: $? = 1
configure: failed program was:
| #ifndef __cplusplus
|   choke me
| #endif
configure:3150: clang -o conftest -O3 -pipe -DNDEBUG -Wimplicit -Wparentheses -Wsequence-point -Wreturn-type -Wcast-qual -Wall -Wno-unknown-pragmas -Wno-long-long   -DIPOPT_BUILD   conftest.c  >&5
configure:3156: $? = 0
configure:3160: test -z 
			 || test ! -s conftest.err
configure:3163: $? = 0
configure:3166: test -s conftest
configure:3169: $? = 0
configure:3236: C compiler options are: -O3 -pipe -DNDEBUG -Wimplicit -Wparentheses -Wsequence-point -Wreturn-type -Wcast-qual -Wall -Wno-unknown-pragmas -Wno-long-long   -DIPOPT_BUILD
configure:3353: checking for clang++
configure:3369: found /usr/bin/clang++
configure:3379: result: clang++
configure:3395: checking for C++ compiler version
configure:3398: clang++ --version </dev/null >&5
Apple LLVM version 9.1.0 (clang-902.0.39.1)
Target: x86_64-apple-darwin17.5.0
Thread model: posix
InstalledDir: /Library/Developer/CommandLineTools/usr/bin
configure:3401: $? = 0
configure:3403: clang++ -v </dev/null >&5
Apple LLVM version 9.1.0 (clang-902.0.39.1)
Target: x86_64-apple-darwin17.5.0
Thread model: posix
InstalledDir: /Library/Developer/CommandLineTools/usr/bin
configure:3406: $? = 0
configure:3408: clang++ -V </dev/null >&5
clang: error: argument to '-V' is missing (expected 1 value)
clang: error: no input files
configure:3411: $? = 1
configure:3414: checking whether we are using the GNU C++ compiler
configure:3438: clang++ -c   conftest.cc >&5
configure:3444: $? = 0
configure:3448: test -z 
			 || test ! -s conftest.err
configure:3451: $? = 0
configure:3454: test -s conftest.o
configure:3457: $? = 0
configure:3470: result: yes
configure:3476: checking whether clang++ accepts -g
configure:3497: clang++ -c -g  conftest.cc >&5
configure:3503: $? = 0
configure:3507: test -z 
			 || test ! -s conftest.err
configure:3510: $? = 0
configure:3513: test -s conftest.o
configure:3516: $? = 0
configure:3527: result: yes
configure:3569: clang++ -c -g -O2  conftest.cc >&5
configure:3575: $? = 0
configure:3579: test -z 
			 || test ! -s conftest.err
configure:3582: $? = 0
configure:3585: test -s conftest.o
configure:3588: $? = 0
configure:3614: clang++ -c -g -O2  conftest.cc >&5
conftest.cc:19:1: error: use of undeclared identifier 'exit'
exit (42);
^
1 error generated.
configure:3620: $? = 1
configure: failed program was:
| /* confdefs.h.  */
| 
| #define PACKAGE_NAME "Ipopt"
| #define PACKAGE_TARNAME "ipopt"
| #define PACKAGE_VERSION "3.12.7"
| #define PACKAGE_STRING "Ipopt 3.12.7"
| #define PACKAGE_BUGREPORT "http://projects.coin-or.org/Ipopt/newticket"
| #define IPOPT_VERSION "3.12.7"
| #define IPOPT_VERSION_MAJOR 3
| #define IPOPT_VERSION_MINOR 12
| #define IPOPT_VERSION_RELEASE 7
| #define COIN_IPOPT_VERBOSITY 0
| #define COIN_IPOPT_CHECKLEVEL 0
| /* end confdefs.h.  */
| 
| int
| main ()
| {
| exit (42);
|   ;
|   return 0;
| }
configure:3569: clang++ -c -g -O2  conftest.cc >&5
conftest.cc:15:17: error: use of undeclared identifier 'std'
extern "C" void std::exit (int) throw (); using std::exit;
                ^
conftest.cc:15:49: error: use of undeclared identifier 'std'
extern "C" void std::exit (int) throw (); using std::exit;
                                                ^
2 errors generated.
configure:3575: $? = 1
configure: failed program was:
| /* confdefs.h.  */
| 
| #define PACKAGE_NAME "Ipopt"
| #define PACKAGE_TARNAME "ipopt"
| #define PACKAGE_VERSION "3.12.7"
| #define PACKAGE_STRING "Ipopt 3.12.7"
| #define PACKAGE_BUGREPORT "http://projects.coin-or.org/Ipopt/newticket"
| #define IPOPT_VERSION "3.12.7"
| #define IPOPT_VERSION_MAJOR 3
| #define IPOPT_VERSION_MINOR 12
| #define IPOPT_VERSION_RELEASE 7
| #define COIN_IPOPT_VERBOSITY 0
| #define COIN_IPOPT_CHECKLEVEL 0
| /* end confdefs.h.  */
| extern "C" void std::exit (int) throw (); using std::exit;
| #include <stdlib.h>
| int
| main ()
| {
| exit (42);
|   ;
|   return 0;
| }
configure:3569: clang++ -c -g -O2  conftest.cc >&5
conftest.cc:15:17: error: use of undeclared identifier 'std'
extern "C" void std::exit (int); using std::exit;
                ^
conftest.cc:15:40: error: use of undeclared identifier 'std'
extern "C" void std::exit (int); using std::exit;
                                       ^
2 errors generated.
configure:3575: $? = 1
configure: failed program was:
| /* confdefs.h.  */
| 
| #define PACKAGE_NAME "Ipopt"
| #define PACKAGE_TARNAME "ipopt"
| #define PACKAGE_VERSION "3.12.7"
| #define PACKAGE_STRING "Ipopt 3.12.7"
| #define PACKAGE_BUGREPORT "http://projects.coin-or.org/Ipopt/newticket"
| #define IPOPT_VERSION "3.12.7"
| #define IPOPT_VERSION_MAJOR 3
| #define IPOPT_VERSION_MINOR 12
| #define IPOPT_VERSION_RELEASE 7
| #define COIN_IPOPT_VERBOSITY 0
| #define COIN_IPOPT_CHECKLEVEL 0
| /* end confdefs.h.  */
| extern "C" void std::exit (int); using std::exit;
| #include <stdlib.h>
| int
| main ()
| {
| exit (42);
|   ;
|   return 0;
| }
configure:3569: clang++ -c -g -O2  conftest.cc >&5
In file included from conftest.cc:16:
In file included from /Library/Developer/CommandLineTools/usr/include/c++/v1/stdlib.h:94:
/usr/include/stdlib.h:150:7: error: 'exit' is missing exception specification 'throw()'
void     exit(int) __dead2;
         ^
conftest.cc:15:17: note: previous declaration is here
extern "C" void exit (int) throw ();
                ^
1 error generated.
configure:3575: $? = 1
configure: failed program was:
| /* confdefs.h.  */
| 
| #define PACKAGE_NAME "Ipopt"
| #define PACKAGE_TARNAME "ipopt"
| #define PACKAGE_VERSION "3.12.7"
| #define PACKAGE_STRING "Ipopt 3.12.7"
| #define PACKAGE_BUGREPORT "http://projects.coin-or.org/Ipopt/newticket"
| #define IPOPT_VERSION "3.12.7"
| #define IPOPT_VERSION_MAJOR 3
| #define IPOPT_VERSION_MINOR 12
| #define IPOPT_VERSION_RELEASE 7
| #define COIN_IPOPT_VERBOSITY 0
| #define COIN_IPOPT_CHECKLEVEL 0
| /* end confdefs.h.  */
| extern "C" void exit (int) throw ();
| #include <stdlib.h>
| int
| main ()
| {
| exit (42);
|   ;
|   return 0;
| }
configure:3569: clang++ -c -g -O2  conftest.cc >&5
configure:3575: $? = 0
configure:3579: test -z 
			 || test ! -s conftest.err
configure:3582: $? = 0
configure:3585: test -s conftest.o
configure:3588: $? = 0
configure:3614: clang++ -c -g -O2  conftest.cc >&5
configure:3620: $? = 0
configure:3624: test -z 
			 || test ! -s conftest.err
configure:3627: $? = 0
configure:3630: test -s conftest.o
configure:3633: $? = 0
configure:3665: checking whether C++ compiler clang++ works
configure:3683: clang++ -c -g -O2  conftest.cc >&5
configure:3689: $? = 0
configure:3693: test -z 
			 || test ! -s conftest.err
configure:3696: $? = 0
configure:3699: test -s conftest.o
configure:3702: $? = 0
configure:3704: result: yes
configure:4025: clang++ -o conftest -O3 -pipe -DNDEBUG    -DIPOPT_BUILD   conftest.cc  >&5
configure:4031: $? = 0
configure:4035: test -z 
			 || test ! -s conftest.err
configure:4038: $? = 0
configure:4041: test -s conftest
configure:4044: $? = 0
configure:4111: C++ compiler options are: -O3 -pipe -DNDEBUG    -DIPOPT_BUILD
configure:4176: clang++ -c -O3 -pipe -DNDEBUG    -DIPOPT_BUILD  conftest.cc >&5
configure:4182: $? = 0
configure:4186: test -z 
			 || test ! -s conftest.err
configure:4189: $? = 0
configure:4192: test -s conftest.o
configure:4195: $? = 0
configure:4239: Assuming that CXXLIBS is "-lc++".
configure:4298: Trying to determine Fortran compiler name
configure:4347: checking for xlf_r
configure:4376: result: no
configure:4347: checking for fort77
configure:4376: result: no
configure:4347: checking for gfortran
configure:4376: result: no
configure:4347: checking for ifort
configure:4376: result: no
configure:4347: checking for g95
configure:4376: result: no
configure:4347: checking for f77
configure:4376: result: no
configure:4347: checking for g77
configure:4376: result: no
configure:4347: checking for pgf90
configure:4376: result: no
configure:4347: checking for pgf77
configure:4376: result: no
configure:4347: checking for ifc
configure:4376: result: no
configure:4347: checking for frt
configure:4376: result: no
configure:4347: checking for af77
configure:4376: result: no
configure:4625: WARNING: Failed to find a Fortran compiler!
configure:4912: Fortran compiler options are:  
configure:5950: checking for a BSD-compatible install
configure:6005: result: /usr/bin/install -c
configure:6016: checking whether build environment is sane
configure:6059: result: yes
configure:6124: checking for gawk
configure:6153: result: no
configure:6124: checking for mawk
configure:6153: result: no
configure:6124: checking for nawk
configure:6153: result: no
configure:6124: checking for awk
configure:6140: found /usr/bin/awk
configure:6150: result: awk
configure:6160: checking whether make sets $(MAKE)
configure:6180: result: yes
configure:6210: checking for style of include used by make
configure:6238: result: GNU
configure:6419: checking dependency style of clang
configure:6509: result: gcc3
configure:6528: checking dependency style of clang++
configure:6618: result: gcc3
configure:6636: checking whether to enable maintainer-specific portions of Makefiles
configure:6645: result: no
configure:22026: Using libtool script in directory ..
configure:22125: checking if library version is set
configure:22129: result: 11:7:10
configure:22171: configuring doxygen documentation options
configure:22178: checking for doxygen
configure:22205: result: no
configure:22214: checking for latex
configure:22241: result: no
configure:22269: checking for dot
configure:22296: result: NO
configure:22462: checking for pkg-config
configure:22478: found /usr/local/bin/pkg-config
configure:22488: result: pkg-config
configure:22503: checking pkg-config is at least version 0.16.0
configure:22506: result: yes
configure:23027: checking whether user supplied BLASLIB="/usr/local/lib/libcoinblas.a -lgfortran" works with C linkage
configure:23035: checking for daxpy
configure:23100: clang -o conftest -O3 -pipe -DNDEBUG -Wimplicit -Wparentheses -Wsequence-point -Wreturn-type -Wcast-qual -Wall -Wno-unknown-pragmas -Wno-long-long   -DIPOPT_BUILD   conftest.c /usr/local/lib/libcoinblas.a -lgfortran  >&5
clang: error: no such file or directory: '/usr/local/lib/libcoinblas.a'
configure:23106: $? = 1
configure: failed program was:
| /* confdefs.h.  */
| 
| #define PACKAGE_NAME "Ipopt"
| #define PACKAGE_TARNAME "ipopt"
| #define PACKAGE_VERSION "3.12.7"
| #define PACKAGE_STRING "Ipopt 3.12.7"
| #define PACKAGE_BUGREPORT "http://projects.coin-or.org/Ipopt/newticket"
| #define IPOPT_VERSION "3.12.7"
| #define IPOPT_VERSION_MAJOR 3
| #define IPOPT_VERSION_MINOR 12
| #define IPOPT_VERSION_RELEASE 7
| #define COIN_IPOPT_VERBOSITY 0
| #define COIN_IPOPT_CHECKLEVEL 0
| #ifdef __cplusplus
| extern "C" void exit (int);
| #endif
| #define PACKAGE "ipopt"
| #define VERSION "3.12.7"
| #define STDC_HEADERS 1
| #define HAVE_SYS_TYPES_H 1
| #define HAVE_SYS_STAT_H 1
| #define HAVE_STDLIB_H 1
| #define HAVE_STRING_H 1
| #define HAVE_MEMORY_H 1
| #define HAVE_STRINGS_H 1
| #define HAVE_INTTYPES_H 1
| #define HAVE_STDINT_H 1
| #define HAVE_UNISTD_H 1
| #define HAVE_DLFCN_H 1
| /* end confdefs.h.  */
| /* Define daxpy to an innocuous variant, in case <limits.h> declares daxpy.
|    For example, HP-UX 11i <limits.h> declares gettimeofday.  */
| #define daxpy innocuous_daxpy
| 
| /* System header to define __stub macros and hopefully few prototypes,
|     which can conflict with char daxpy (); below.
|     Prefer <limits.h> to <assert.h> if __STDC__ is defined, since
|     <limits.h> exists even on freestanding compilers.  */
| 
| #ifdef __STDC__
| # include <limits.h>
| #else
| # include <assert.h>
| #endif
| 
| #undef daxpy
| 
| /* Override any gcc2 internal prototype to avoid an error.  */
| #ifdef __cplusplus
| extern "C"
| {
| #endif
| /* We use char because int might match the return type of a gcc2
|    builtin and then its argument prototype would still apply.  */
| char daxpy ();
| /* The GNU C library defines this for functions which it implements
|     to always fail with ENOSYS.  Some functions are actually named
|     something starting with __ and the normal name is an alias.  */
| #if defined (__stub_daxpy) || defined (__stub___daxpy)
| choke me
| #else
| char (*f) () = daxpy;
| #endif
| #ifdef __cplusplus
| }
| #endif
| 
| #ifdef F77_DUMMY_MAIN
| 
| #  ifdef __cplusplus
|      extern "C"
| #  endif
|    int F77_DUMMY_MAIN() { return 1; }
| 
| #endif
| int
| main ()
| {
| return f != daxpy;
|   ;
|   return 0;
| }
configure:23131: result: no
configure:23136: error: user supplied BLAS library "/usr/local/lib/libcoinblas.a -lgfortran" does not work

## ---------------- ##
## Cache variables. ##
## ---------------- ##

ac_cv_build=i386-apple-darwin17.5.0
ac_cv_build_alias=i386-apple-darwin17.5.0
ac_cv_c_compiler_gnu=yes
ac_cv_cxx_compiler_gnu=yes
ac_cv_env_ADD_CFLAGS_set=
ac_cv_env_ADD_CFLAGS_value=
ac_cv_env_ADD_CXXFLAGS_set=
ac_cv_env_ADD_CXXFLAGS_value=
ac_cv_env_ADD_FFLAGS_set=
ac_cv_env_ADD_FFLAGS_value=
ac_cv_env_CC_set=
ac_cv_env_CC_value=
ac_cv_env_CDEFS_set=
ac_cv_env_CDEFS_value=
ac_cv_env_CFLAGS_set=
ac_cv_env_CFLAGS_value=
ac_cv_env_CPPFLAGS_set=
ac_cv_env_CPPFLAGS_value=
ac_cv_env_CPP_set=
ac_cv_env_CPP_value=
ac_cv_env_CXXAR_set=
ac_cv_env_CXXAR_value=
ac_cv_env_CXXCPP_set=
ac_cv_env_CXXCPP_value=
ac_cv_env_CXXDEFS_set=
ac_cv_env_CXXDEFS_value=
ac_cv_env_CXXFLAGS_set=
ac_cv_env_CXXFLAGS_value=
ac_cv_env_CXXLIBS_set=
ac_cv_env_CXXLIBS_value=
ac_cv_env_CXX_set=
ac_cv_env_CXX_value=
ac_cv_env_DBG_CFLAGS_set=
ac_cv_env_DBG_CFLAGS_value=
ac_cv_env_DBG_CXXFLAGS_set=
ac_cv_env_DBG_CXXFLAGS_value=
ac_cv_env_DBG_FFLAGS_set=
ac_cv_env_DBG_FFLAGS_value=
ac_cv_env_F77_set=
ac_cv_env_F77_value=
ac_cv_env_FFLAGS_set=
ac_cv_env_FFLAGS_value=
ac_cv_env_LDFLAGS_set=
ac_cv_env_LDFLAGS_value=
ac_cv_env_MPICC_set=
ac_cv_env_MPICC_value=
ac_cv_env_MPICXX_set=
ac_cv_env_MPICXX_value=
ac_cv_env_MPIF77_set=
ac_cv_env_MPIF77_value=
ac_cv_env_OPT_CFLAGS_set=
ac_cv_env_OPT_CFLAGS_value=
ac_cv_env_OPT_CXXFLAGS_set=
ac_cv_env_OPT_CXXFLAGS_value=
ac_cv_env_OPT_FFLAGS_set=
ac_cv_env_OPT_FFLAGS_value=
ac_cv_env_PKG_CONFIG_set=
ac_cv_env_PKG_CONFIG_value=
ac_cv_env_build_alias_set=
ac_cv_env_build_alias_value=
ac_cv_env_host_alias_set=
ac_cv_env_host_alias_value=
ac_cv_env_target_alias_set=
ac_cv_env_target_alias_value=
ac_cv_exeext=
ac_cv_func_daxpy=no
ac_cv_objext=o
ac_cv_path_install='/usr/bin/install -c'
ac_cv_prog_AWK=awk
ac_cv_prog_ac_ct_CC=clang
ac_cv_prog_ac_ct_CXX=clang++
ac_cv_prog_ac_ct_PKG_CONFIG=pkg-config
ac_cv_prog_cc_g=yes
ac_cv_prog_cc_stdc=
ac_cv_prog_coin_doxy_usedot=NO
ac_cv_prog_coin_have_doxygen=no
ac_cv_prog_coin_have_latex=no
ac_cv_prog_cxx_g=yes
ac_cv_prog_egrep='grep -E'
ac_cv_prog_have_svnversion=yes
ac_cv_prog_make_make_set=yes
am_cv_CC_dependencies_compiler_type=gcc3
am_cv_CXX_dependencies_compiler_type=gcc3

## ----------------- ##
## Output variables. ##
## ----------------- ##

ABSBUILDDIR=''
ACLOCAL='${SHELL} /Users/xiaoqiangxie/Documents/workspace/CarND-MPC-Quizzes/Ipopt-3.12.7/Ipopt/missing --run aclocal-1.9'
ADD_CFLAGS=''
ADD_CXXFLAGS=''
ADD_FFLAGS=''
AIX_FIX_COMPILER_BUG_FALSE=''
AIX_FIX_COMPILER_BUG_TRUE='#'
ALWAYS_FALSE_FALSE=''
ALWAYS_FALSE_TRUE='#'
AMDEPBACKSLASH='\'
AMDEP_FALSE='#'
AMDEP_TRUE=''
AMTAR='${SHELL} /Users/xiaoqiangxie/Documents/workspace/CarND-MPC-Quizzes/Ipopt-3.12.7/Ipopt/missing --run tar'
AR='ar'
ASL_CFLAGS=''
ASL_CFLAGS_INSTALLED=''
ASL_DATA=''
ASL_DATA_INSTALLED=''
ASL_DEPENDENCIES=''
ASL_LIBS=''
ASL_LIBS_INSTALLED=''
ASTYLE=''
ASTYLEFLAGS=''
AUTOCONF='${SHELL} /Users/xiaoqiangxie/Documents/workspace/CarND-MPC-Quizzes/Ipopt-3.12.7/Ipopt/missing --run autoconf'
AUTOHEADER='${SHELL} /Users/xiaoqiangxie/Documents/workspace/CarND-MPC-Quizzes/Ipopt-3.12.7/Ipopt/missing --run autoheader'
AUTOMAKE='${SHELL} /Users/xiaoqiangxie/Documents/workspace/CarND-MPC-Quizzes/Ipopt-3.12.7/Ipopt/missing --run automake-1.9'
AUX_DIR=''
AWK='awk'
BIT32FCOMMENT=''
BIT64FCOMMENT=''
BITS_PER_POINTER=''
BLAS_CFLAGS=''
BLAS_CFLAGS_INSTALLED=''
BLAS_DATA=''
BLAS_DATA_INSTALLED=''
BLAS_DEPENDENCIES=''
BLAS_LIBS=''
BLAS_LIBS_INSTALLED=''
BLUEGENEEXTRA='echo'
BUILDTOOLSDIR=''
BUILD_INEXACT_FALSE=''
BUILD_INEXACT_TRUE=''
BUILD_LINEARSOLVERLOADER_FALSE=''
BUILD_LINEARSOLVERLOADER_TRUE=''
BUILD_PARDISOLOADER_FALSE=''
BUILD_PARDISOLOADER_TRUE=''
CC='clang'
CCDEPMODE='depmode=gcc3'
CDEFS=''
CFLAGS='-O3 -pipe -DNDEBUG -Wimplicit -Wparentheses -Wsequence-point -Wreturn-type -Wcast-qual -Wall -Wno-unknown-pragmas -Wno-long-long   -DIPOPT_BUILD'
COIN_CC_IS_CL_FALSE=''
COIN_CC_IS_CL_TRUE='#'
COIN_CXX_IS_CL_FALSE=''
COIN_CXX_IS_CL_TRUE='#'
COIN_HAS_ASL_FALSE=''
COIN_HAS_ASL_TRUE=''
COIN_HAS_BLAS_FALSE=''
COIN_HAS_BLAS_TRUE=''
COIN_HAS_DOXYGEN_FALSE=''
COIN_HAS_DOXYGEN_TRUE='#'
COIN_HAS_F77_FALSE=''
COIN_HAS_F77_TRUE='#'
COIN_HAS_HSL_FALSE=''
COIN_HAS_HSL_TRUE=''
COIN_HAS_LAPACK_FALSE=''
COIN_HAS_LAPACK_TRUE=''
COIN_HAS_LATEX_FALSE=''
COIN_HAS_LATEX_TRUE='#'
COIN_HAS_MUMPS_FALSE=''
COIN_HAS_MUMPS_TRUE=''
COIN_HAS_PKGCONFIG_FALSE='#'
COIN_HAS_PKGCONFIG_TRUE=''
COIN_PKG_CONFIG_PATH='/usr/local/lib64/pkgconfig:/usr/local/lib/pkgconfig:/usr/local/share/pkgconfig:'
COIN_PKG_CONFIG_PATH_UNINSTALLED='/Users/xiaoqiangxie/Documents/workspace/CarND-MPC-Quizzes/Ipopt-3.12.7/Ipopt:/Users/xiaoqiangxie/Documents/workspace/CarND-MPC-Quizzes/Ipopt-3.12.7/ThirdParty/ASL:'
CPP='clang -E'
CPPFLAGS=''
CXX='clang++'
CXXAR=''
CXXCPP='clang++ -E'
CXXDEFS=''
CXXDEPMODE='depmode=gcc3'
CXXFLAGS='-O3 -pipe -DNDEBUG    -DIPOPT_BUILD'
CXXLIBS='-lc++'
CYGPATH_W='echo'
DBG_CFLAGS='-g -O0 -pipe -Wimplicit -Wparentheses -Wsequence-point -Wreturn-type -Wcast-qual -Wall -Wno-unknown-pragmas -Wno-long-long  '
DBG_CXXFLAGS='-g -O0 -pipe   '
DBG_FFLAGS=' '
DEFS=''
DEPDIR='.deps'
DEPENDENCY_LINKING_FALSE='#'
DEPENDENCY_LINKING_TRUE=''
ECHO='/bin/echo'
ECHO_C='ECHO_N=''
ECHO_T=''
EGREP='grep -E'
EXEEXT=''
F77='unavailable'
FFLAGS=' '
FLIBS=''
FRAMEWORK_VECLIB=''
HAVE_EXTERNALS_FALSE=''
HAVE_EXTERNALS_TRUE='#'
HAVE_MA28_FALSE=''
HAVE_MA28_TRUE=''
HAVE_PARDISO_FALSE=''
HAVE_PARDISO_TRUE=''
HAVE_WSMP_FALSE=''
HAVE_WSMP_TRUE=''
HSL_CFLAGS=''
HSL_CFLAGS_INSTALLED=''
HSL_DATA=''
HSL_DATA_INSTALLED=''
HSL_DEPENDENCIES=''
HSL_LIBS=''
HSL_LIBS_INSTALLED=''
INSTALL_DATA='${INSTALL} -m 644'
INSTALL_PROGRAM='${INSTALL}'
INSTALL_SCRIPT='${INSTALL}'
INSTALL_STRIP_PROGRAM='${SHELL} $(install_sh) -c -s'
IPALLLIBS=''
IPOPTAMPLINTERFACELIB_CFLAGS=''
IPOPTAMPLINTERFACELIB_CFLAGS_INSTALLED=''
IPOPTAMPLINTERFACELIB_DEPENDENCIES=''
IPOPTAMPLINTERFACELIB_LIBS=''
IPOPTAMPLINTERFACELIB_LIBS_INSTALLED=''
IPOPTAMPLINTERFACELIB_PCLIBS=''
IPOPTAMPLINTERFACELIB_PCREQUIRES=''
IPOPTLIB_CFLAGS=''
IPOPTLIB_CFLAGS_INSTALLED=''
IPOPTLIB_DEPENDENCIES=''
IPOPTLIB_LIBS='-lm '
IPOPTLIB_LIBS_INSTALLED='-lm '
IPOPTLIB_PCLIBS='-lm '
IPOPTLIB_PCREQUIRES=''
IPOPT_SVN_REV=''
JAVA_HOME=''
JIPOPTDLL=''
LAPACK_CFLAGS=''
LAPACK_CFLAGS_INSTALLED=''
LAPACK_DATA=''
LAPACK_DATA_INSTALLED=''
LAPACK_DEPENDENCIES=''
LAPACK_LIBS=''
LAPACK_LIBS_INSTALLED=''
LDFLAGS=''
LIBEXT=''
LIBOBJS=''
LIBS='/usr/local/lib/libcoinblas.a -lgfortran '
LIBTOOL='$(SHELL) $(top_builddir)/../libtool'
LIBTOOLM4=''
LN_S='ln -s'
LTLIBOBJS=''
LT_LDFLAGS='-no-undefined -version-info 11:7:10'
MAINT='#'
MAINTAINER_MODE_FALSE=''
MAINTAINER_MODE_TRUE='#'
MAKEINFO='${SHELL} /Users/xiaoqiangxie/Documents/workspace/CarND-MPC-Quizzes/Ipopt-3.12.7/Ipopt/missing --run makeinfo'
MATLAB_CYGPATH_W='echo'
MATLAB_HOME=''
MEXSUFFIX=''
MEX_STATIC_FALSE=''
MEX_STATIC_TRUE=''
MEX_WINDOWS_FALSE=''
MEX_WINDOWS_TRUE=''
MPICC=''
MPICXX=''
MPIF77=''
MUMPS_CFLAGS=''
MUMPS_CFLAGS_INSTALLED=''
MUMPS_DATA=''
MUMPS_DATA_INSTALLED=''
MUMPS_DEPENDENCIES=''
MUMPS_LIBS=''
MUMPS_LIBS_INSTALLED=''
MWMA57PATH=''
OBJEXT='o'
OPT_CFLAGS='-O3 -pipe -DNDEBUG -Wimplicit -Wparentheses -Wsequence-point -Wreturn-type -Wcast-qual -Wall -Wno-unknown-pragmas -Wno-long-long  '
OPT_CXXFLAGS='-O3 -pipe -DNDEBUG   '
OPT_FFLAGS=' '
PACKAGE='ipopt'
PACKAGE_BUGREPORT='http://projects.coin-or.org/Ipopt/newticket'
PACKAGE_NAME='Ipopt'
PACKAGE_STRING='Ipopt 3.12.7'
PACKAGE_TARNAME='ipopt'
PACKAGE_VERSION='3.12.7'
PATH_SEPARATOR=':'
PKG_CONFIG='pkg-config'
RANLIB='ranlib'
RPATH_FLAGS=''
SET_MAKE=''
SHARED_FLAGS=''
SHELL='/bin/sh'
STRIP='strip'
VERSION='3.12.7'
VPATH_DISTCLEANFILES=''
abs_bin_dir='/usr/local/bin'
abs_include_dir='/usr/local/include'
abs_lib_dir='/usr/local/lib'
abs_source_dir='/Users/xiaoqiangxie/Documents/workspace/CarND-MPC-Quizzes/Ipopt-3.12.7/Ipopt'
ac_c_preproc_warn_flag=''
ac_ct_AR='ar'
ac_ct_CC='clang'
ac_ct_CXX='clang++'
ac_ct_F77='unavailable'
ac_ct_PKG_CONFIG='pkg-config'
ac_ct_RANLIB='ranlib'
ac_ct_STRIP='strip'
ac_cxx_preproc_warn_flag=''
am__fastdepCC_FALSE='#'
am__fastdepCC_TRUE=''
am__fastdepCXX_FALSE='#'
am__fastdepCXX_TRUE=''
am__include='include'
am__leading_dot='.'
am__quote=''
am__tar='${AMTAR} chof - "$$tardir"'
am__untar='${AMTAR} xf -'
bindir='${exec_prefix}/bin'
build='i386-apple-darwin17.5.0'
build_alias=''
build_cpu='i386'
build_os='darwin17.5.0'
build_vendor='apple'
coin_doxy_excludes=''
coin_doxy_logname='doxydoc/ipopt_doxy.log'
coin_doxy_tagfiles=''
coin_doxy_tagname='doxydoc/ipopt_doxy.tag'
coin_doxy_usedot='NO'
coin_have_doxygen='no'
coin_have_latex='no'
datadir='${prefix}/share'
exec_prefix='NONE'
have_autoconf=''
have_automake=''
have_svn=''
have_svnversion='yes'
host='i386-apple-darwin17.5.0'
host_alias=''
host_cpu='i386'
host_os='darwin17.5.0'
host_vendor='apple'
includedir='${prefix}/include'
infodir='${prefix}/info'
install_sh='/Users/xiaoqiangxie/Documents/workspace/CarND-MPC-Quizzes/Ipopt-3.12.7/Ipopt/install-sh'
libdir='${exec_prefix}/lib'
libexecdir='${exec_prefix}/libexec'
localstatedir='${prefix}/var'
mandir='${prefix}/man'
mkdir_p='$(install_sh) -d'
oldincludedir='/usr/include'
prefix='/usr/local'
program_transform_name='s,x,x,'
sbindir='${exec_prefix}/sbin'
sharedstatedir='${prefix}/com'
sol_cc_compiler=''
sysconfdir='${prefix}/etc'
target_alias=''

## ----------- ##
## confdefs.h. ##
## ----------- ##

#define COIN_IPOPT_CHECKLEVEL 0
#define COIN_IPOPT_VERBOSITY 0
#define HAVE_DLFCN_H 1
#define HAVE_INTTYPES_H 1
#define HAVE_MEMORY_H 1
#define HAVE_STDINT_H 1
#define HAVE_STDLIB_H 1
#define HAVE_STRINGS_H 1
#define HAVE_STRING_H 1
#define HAVE_SYS_STAT_H 1
#define HAVE_SYS_TYPES_H 1
#define HAVE_UNISTD_H 1
#define IPOPT_VERSION "3.12.7"
#define IPOPT_VERSION_MAJOR 3
#define IPOPT_VERSION_MINOR 12
#define IPOPT_VERSION_RELEASE 7
#define PACKAGE "ipopt"
#define PACKAGE_BUGREPORT "http://projects.coin-or.org/Ipopt/newticket"
#define PACKAGE_NAME "Ipopt"
#define PACKAGE_STRING "Ipopt 3.12.7"
#define PACKAGE_TARNAME "ipopt"
#define PACKAGE_VERSION "3.12.7"
#define STDC_HEADERS 1
#define VERSION "3.12.7"
#endif
#ifdef __cplusplus
extern "C" void exit (int);

configure: exit 1
